2023-01-15 09:52:25.6057 INFO Entering the login controllor. Login method
2023-01-15 09:52:26.0261 INFO Exit login controller. Login success!
2023-01-15 10:30:24.7996 INFO Start Login
2023-01-15 10:33:26.9993 INFO Start Login
2023-01-15 10:35:13.5461 INFO Start Login
2023-01-15 10:35:49.0624 INFO Start Login
2023-01-15 10:44:44.9270 INFO Start Login
2023-01-15 10:50:40.6291 INFO Start Login
2023-01-15 10:50:40.7381 ERROR Login ErrorYou have an error in your SQL syntax; check the manual that corresponds to your MySQL server version for the right syntax to use near ', password ='1234')' at line 1
2023-01-15 10:50:40.7381 INFO Login Finish
2023-01-15 10:51:38.6902 INFO Start Login
2023-01-15 10:51:38.8998 ERROR Login ErrorYou have an error in your SQL syntax; check the manual that corresponds to your MySQL server version for the right syntax to use near ', password ='12344321')' at line 1
2023-01-15 10:51:38.8998 INFO Login Finish
2023-01-15 10:53:43.8260 INFO Start Login
2023-01-15 11:05:50.0386 INFO Start Login
2023-01-15 11:07:33.6316 INFO Start Login
2023-01-15 11:10:52.6803 INFO Start Login
2023-01-15 11:12:52.0558 INFO Start Login
2023-01-15 11:14:02.3785 INFO Start Login
2023-01-15 11:14:12.6160 INFO Exit login controller. Login success!
2023-01-15 11:14:45.8638 INFO Start Login
2023-01-15 11:14:46.0239 ERROR Login ErrorInvalid attempt to access a field before calling Read()
2023-01-15 11:14:46.0239 INFO Login Finish
2023-01-15 11:15:18.2557 INFO Start Login
2023-01-15 11:16:00.7417 INFO Start Login
2023-01-15 11:16:00.9156 ERROR Login ErrorInvalid attempt to access a field before calling Read()
2023-01-15 11:16:00.9156 INFO Login Finish
2023-01-15 11:16:33.2730 INFO Start Login
2023-01-15 11:16:42.4810 INFO Exit login controller. Login success!
2023-01-15 11:16:49.1280 INFO Login Finish
2023-01-15 11:18:04.5132 INFO Start Login
2023-01-15 11:24:51.3082 INFO Start Login
2023-01-15 11:24:51.4745 ERROR Login ErrorInvalid attempt to access a field before calling Read()
2023-01-15 11:24:51.4745 INFO Login Finish
2023-01-15 11:25:17.8050 INFO Start Login
2023-01-15 11:25:32.7317 ERROR Login ErrorInvalid attempt to access a field before calling Read()
2023-01-15 11:25:32.7317 INFO Login Finish
2023-01-15 11:26:04.6472 INFO Start Login
2023-01-15 11:29:38.9720 INFO Start Login
2023-01-15 11:29:39.1063 INFO Login success!
2023-01-15 11:29:39.1063 INFO Login Finish
2023-01-15 11:30:04.8220 INFO Start Login
2023-01-15 11:30:10.3452 INFO Login Fail 4552524F52
2023-01-15 11:30:11.7801 INFO Login Finish
2023-01-15 12:12:35.5163 INFO Start Login
2023-01-15 12:12:35.6445 INFO Login success!
2023-01-15 12:12:35.6465 INFO Login Finish
2023-01-15 15:57:01.4587 INFO Start Login
2023-01-15 15:57:01.6357 INFO Login success!
2023-01-15 15:57:01.6357 INFO Login Finish
2023-01-15 16:01:15.0360 INFO Start Login
2023-01-15 16:01:15.0502 INFO Login success!
2023-01-15 16:01:15.0502 INFO Login Finish
2023-01-15 16:01:45.2360 INFO Start Login
2023-01-15 16:01:45.2360 INFO Login fail
2023-01-15 16:01:45.2360 INFO Login Finish
2023-01-15 16:09:22.4399 INFO Start Login
2023-01-15 16:09:22.5916 INFO Login success!
2023-01-15 16:09:22.5916 INFO Login Finish
2023-01-15 16:09:32.1369 INFO Start Login
2023-01-15 16:09:32.1529 INFO Login fail
2023-01-15 16:09:32.1529 INFO Login Finish
2023-01-15 16:10:02.5368 INFO Start Login
2023-01-15 16:10:02.5368 INFO Login fail
2023-01-15 16:10:02.5368 INFO Login Finish
2023-01-15 19:03:20.7901 INFO Start Login
2023-01-15 19:03:20.9897 INFO Login success!
2023-01-15 19:03:20.9922 INFO Login Finish
2023-01-15 19:03:55.3342 INFO Start Login
2023-01-15 19:03:55.3353 INFO Login success!
2023-01-15 19:03:55.3353 INFO Login Finish
2023-01-15 19:05:56.0079 INFO Start Login
2023-01-15 19:05:56.0855 INFO Login success!
2023-01-15 19:05:56.0855 INFO Login Finish
2023-01-15 23:07:02.8984 INFO Start Login
2023-01-15 23:07:03.2524 INFO Login success!
2023-01-15 23:07:03.2524 INFO Login Finish
2023-01-15 23:08:52.4619 INFO Start Login
2023-01-15 23:08:52.4619 INFO Login success!
2023-01-15 23:08:52.4619 INFO Login Finish
